This file contains any messages produced by compilers while
running configure, to aid debugging if configure makes a mistake.

It was created by em configure 1.1.0, which was
generated by GNU Autoconf 2.72.  Invocation command line was

  $ ./configure

## --------- ##
## Platform. ##
## --------- ##

hostname = nix
uname -m = x86_64
uname -r = 6.17.9-arch1-1
uname -s = Linux
uname -v = #1 SMP PREEMPT_DYNAMIC Mon, 24 Nov 2025 15:21:09 +0000

/usr/bin/uname -p = unknown
/bin/uname -X     = unknown

/bin/arch              = unknown
/usr/bin/arch -k       = unknown
/usr/convex/getsysinfo = unknown
/usr/bin/hostinfo      = unknown
/bin/machine           = unknown
/usr/bin/oslevel       = unknown
/bin/universe          = unknown

PATH: /home/eax/.go/bin/
PATH: /home/eax/.go/bin/
PATH: /home/eax/.local/share/mise/installs/node/25.0.0/bin/
PATH: /home/eax/.local/share/omarchy/bin/
PATH: /usr/local/sbin/
PATH: /usr/local/bin/
PATH: /usr/bin/
PATH: /usr/lib/jvm/default/bin/
PATH: /usr/bin/site_perl/
PATH: /usr/bin/vendor_perl/
PATH: /usr/bin/core_perl/


## ----------- ##
## Core tests. ##
## ----------- ##

configure:2238: looking for aux files: compile missing install-sh
configure:2251:  trying ./
configure:2280:   ./compile found
configure:2280:   ./missing found
configure:2262:   ./install-sh found
configure:2410: checking for a BSD-compatible install
configure:2484: result: /usr/bin/install -c
configure:2495: checking whether sleep supports fractional seconds
configure:2511: result: yes
configure:2514: checking filesystem timestamp resolution
configure:2649: result: 0.01
configure:2654: checking whether build environment is sane
configure:2699: result: yes
configure:2870: checking for a race-free mkdir -p
configure:2913: result: /usr/bin/mkdir -p
configure:2920: checking for gawk
configure:2941: found /usr/bin/gawk
configure:2953: result: gawk
configure:2964: checking whether make sets $(MAKE)
configure:2988: result: yes
configure:3014: checking whether make supports nested variables
configure:3033: result: yes
configure:3047: checking xargs -n works
configure:3063: result: yes
configure:3148: checking whether UID '1000' is supported by ustar format
configure:3154: result: yes
configure:3161: checking whether GID '1000' is supported by ustar format
configure:3167: result: yes
configure:3175: checking how to create a ustar tar archive
configure:3186: tar --version
tar (GNU tar) 1.35
Copyright (C) 2023 Free Software Foundation, Inc.
License GPLv3+: GNU GPL version 3 or later <https://gnu.org/licenses/gpl.html>.
This is free software: you are free to change and redistribute it.
There is NO WARRANTY, to the extent permitted by law.

Written by John Gilmore and Jay Fenlason.
configure:3189: $? = 0
configure:3229: tardir=conftest.dir && eval tar --format=ustar -chf - "$tardir" >conftest.tar
configure:3232: $? = 0
configure:3236: tar -xf - <conftest.tar
configure:3239: $? = 0
configure:3241: cat conftest.dir/file
GrepMe
configure:3244: $? = 0
configure:3259: result: gnutar
configure:3352: checking for gcc
configure:3373: found /usr/bin/gcc
configure:3385: result: gcc
configure:3744: checking for C compiler version
configure:3753: gcc --version >&5
gcc (GCC) 15.2.1 20251112
Copyright (C) 2025 Free Software Foundation, Inc.
This is free software; see the source for copying conditions.  There is NO
warranty; not even for MERCHANTABILITY or FITNESS FOR A PARTICULAR PURPOSE.

configure:3764: $? = 0
configure:3753: gcc -v >&5
Using built-in specs.
COLLECT_GCC=gcc
COLLECT_LTO_WRAPPER=/usr/lib/gcc/x86_64-pc-linux-gnu/15.2.1/lto-wrapper
Target: x86_64-pc-linux-gnu
Configured with: /build/gcc/src/gcc/configure --enable-languages=ada,c,c++,d,fortran,go,lto,m2,objc,obj-c++,rust,cobol --enable-bootstrap --prefix=/usr --libdir=/usr/lib --libexecdir=/usr/lib --mandir=/usr/share/man --infodir=/usr/share/info --with-bugurl=https://gitlab.archlinux.org/archlinux/packaging/packages/gcc/-/issues --with-build-config=bootstrap-lto --with-linker-hash-style=gnu --with-system-zlib --enable-__cxa_atexit --enable-cet=auto --enable-checking=release --enable-clocale=gnu --enable-default-pie --enable-default-ssp --enable-gnu-indirect-function --enable-gnu-unique-object --enable-libstdcxx-backtrace --enable-link-serialization=1 --enable-linker-build-id --enable-lto --enable-multilib --enable-plugin --enable-shared --enable-threads=posix --disable-libssp --disable-libstdcxx-pch --disable-werror
Thread model: posix
Supported LTO compression algorithms: zlib zstd
gcc version 15.2.1 20251112 (GCC) 
configure:3764: $? = 0
configure:3753: gcc -V >&5
gcc: error: unrecognized command-line option '-V'
gcc: fatal error: no input files
compilation terminated.
configure:3764: $? = 1
configure:3753: gcc -qversion >&5
gcc: error: unrecognized command-line option '-qversion'; did you mean '--version'?
gcc: fatal error: no input files
compilation terminated.
configure:3764: $? = 1
configure:3753: gcc -version >&5
gcc: error: unrecognized command-line option '-version'
gcc: fatal error: no input files
compilation terminated.
configure:3764: $? = 1
configure:3784: checking whether the C compiler works
configure:3806: gcc    conftest.c  >&5
configure:3810: $? = 0
configure:3861: result: yes
configure:3865: checking for C compiler default output file name
configure:3867: result: a.out
configure:3873: checking for suffix of executables
configure:3880: gcc -o conftest    conftest.c  >&5
configure:3884: $? = 0
configure:3908: result: 
configure:3932: checking whether we are cross compiling
configure:3940: gcc -o conftest    conftest.c  >&5
configure:3944: $? = 0
configure:3951: ./conftest
configure:3955: $? = 0
configure:3970: result: no
configure:3976: checking for suffix of object files
configure:3999: gcc -c   conftest.c >&5
configure:4003: $? = 0
configure:4027: result: o
configure:4031: checking whether the compiler supports GNU C
configure:4051: gcc -c   conftest.c >&5
configure:4051: $? = 0
configure:4063: result: yes
configure:4074: checking whether gcc accepts -g
configure:4095: gcc -c -g  conftest.c >&5
configure:4095: $? = 0
configure:4142: result: yes
configure:4162: checking for gcc option to enable C11 features
configure:4177: gcc  -c -g -O2  conftest.c >&5
configure:4177: $? = 0
configure:4196: result: none needed
configure:4320: checking whether gcc understands -c and -o together
configure:4343: gcc -c conftest.c -o conftest2.o
configure:4346: $? = 0
configure:4343: gcc -c conftest.c -o conftest2.o
configure:4346: $? = 0
configure:4362: result: yes
configure:4382: checking whether make supports the include directive
configure:4397: make -f confmf.GNU && cat confinc.out
this is the am__doit target
configure:4400: $? = 0
configure:4419: result: yes (GNU style)
configure:4445: checking dependency style of gcc
configure:4558: result: gcc3
configure:4575: checking for C23 compiler flag
configure:4590: gcc -c -g -O2 -std=c23  conftest.c >&5
configure:4590: $? = 0
configure:4600: result: -std=c23
configure:4611: checking for stdio.h
configure:4611: gcc -c -g -O2 -std=c23 -std=c23  conftest.c >&5
configure:4611: $? = 0
configure:4611: result: yes
configure:4611: checking for stdlib.h
configure:4611: gcc -c -g -O2 -std=c23 -std=c23  conftest.c >&5
configure:4611: $? = 0
configure:4611: result: yes
configure:4611: checking for string.h
configure:4611: gcc -c -g -O2 -std=c23 -std=c23  conftest.c >&5
configure:4611: $? = 0
configure:4611: result: yes
configure:4611: checking for inttypes.h
configure:4611: gcc -c -g -O2 -std=c23 -std=c23  conftest.c >&5
configure:4611: $? = 0
configure:4611: result: yes
configure:4611: checking for stdint.h
configure:4611: gcc -c -g -O2 -std=c23 -std=c23  conftest.c >&5
configure:4611: $? = 0
configure:4611: result: yes
configure:4611: checking for strings.h
configure:4611: gcc -c -g -O2 -std=c23 -std=c23  conftest.c >&5
configure:4611: $? = 0
configure:4611: result: yes
configure:4611: checking for sys/stat.h
configure:4611: gcc -c -g -O2 -std=c23 -std=c23  conftest.c >&5
configure:4611: $? = 0
configure:4611: result: yes
configure:4611: checking for sys/types.h
configure:4611: gcc -c -g -O2 -std=c23 -std=c23  conftest.c >&5
configure:4611: $? = 0
configure:4611: result: yes
configure:4611: checking for unistd.h
configure:4611: gcc -c -g -O2 -std=c23 -std=c23  conftest.c >&5
configure:4611: $? = 0
configure:4611: result: yes
configure:4636: checking for fcntl.h
configure:4636: gcc -c -g -O2 -std=c23 -std=c23  conftest.c >&5
configure:4636: $? = 0
configure:4636: result: yes
configure:4642: checking for stdlib.h
configure:4642: result: yes
configure:4648: checking for termios.h
configure:4648: gcc -c -g -O2 -std=c23 -std=c23  conftest.c >&5
configure:4648: $? = 0
configure:4648: result: yes
configure:4654: checking for unistd.h
configure:4654: result: yes
configure:4662: checking for editline/readline.h
configure:4662: gcc -c -g -O2 -std=c23 -std=c23  conftest.c >&5
configure:4662: $? = 0
configure:4662: result: yes
configure:4669: checking for readline in -ledit
configure:4698: gcc -o conftest -g -O2 -std=c23 -std=c23   conftest.c -ledit   >&5
configure:4698: $? = 0
configure:4710: result: yes
configure:4849: checking that generated files are newer than configure
configure:4855: result: done
configure:4894: creating ./config.status

## ---------------------- ##
## Running config.status. ##
## ---------------------- ##

This file was extended by em config.status 1.1.0, which was
generated by GNU Autoconf 2.72.  Invocation command line was

  CONFIG_FILES    = 
  CONFIG_HEADERS  = 
  CONFIG_LINKS    = 
  CONFIG_COMMANDS = 
  $ ./config.status 

on nix

config.status:862: creating Makefile
config.status:862: creating src/Makefile
config.status:862: creating doc/Makefile
config.status:862: creating config.h
config.status:1091: executing depfiles commands
config.status:1166: cd src       && sed -e '/# am--include-marker/d' Makefile         | make -f - am--depfiles
make: Nothing to be done for 'am--depfiles'.
config.status:1173: $? = 0

## ---------------- ##
## Cache variables. ##
## ---------------- ##

ac_cv_c_compiler_gnu=yes
ac_cv_env_CC_set=
ac_cv_env_CC_value=
ac_cv_env_CFLAGS_set=
ac_cv_env_CFLAGS_value=
ac_cv_env_CPPFLAGS_set=
ac_cv_env_CPPFLAGS_value=
ac_cv_env_LDFLAGS_set=
ac_cv_env_LDFLAGS_value=
ac_cv_env_LIBS_set=
ac_cv_env_LIBS_value=
ac_cv_env_build_alias_set=
ac_cv_env_build_alias_value=
ac_cv_env_host_alias_set=
ac_cv_env_host_alias_value=
ac_cv_env_target_alias_set=
ac_cv_env_target_alias_value=
ac_cv_header_editline_readline_h=yes
ac_cv_header_fcntl_h=yes
ac_cv_header_inttypes_h=yes
ac_cv_header_stdint_h=yes
ac_cv_header_stdio_h=yes
ac_cv_header_stdlib_h=yes
ac_cv_header_string_h=yes
ac_cv_header_strings_h=yes
ac_cv_header_sys_stat_h=yes
ac_cv_header_sys_types_h=yes
ac_cv_header_termios_h=yes
ac_cv_header_unistd_h=yes
ac_cv_lib_edit_readline=yes
ac_cv_objext=o
ac_cv_path_install='/usr/bin/install -c'
ac_cv_path_mkdir=/usr/bin/mkdir
ac_cv_prog_AWK=gawk
ac_cv_prog_ac_ct_CC=gcc
ac_cv_prog_cc_c11=
ac_cv_prog_cc_g=yes
ac_cv_prog_cc_stdc=
ac_cv_prog_make_make_set=yes
am_cv_CC_dependencies_compiler_type=gcc3
am_cv_filesystem_timestamp_resolution=0.01
am_cv_make_support_nested_variables=yes
am_cv_prog_cc_c_o=yes
am_cv_prog_tar_ustar=gnutar
am_cv_sleep_fractional_seconds=yes
am_cv_xargs_n_works=yes
em_cv_cc_c23=-std=c23

## ----------------- ##
## Output variables. ##
## ----------------- ##

ACLOCAL='${SHELL} '\''/home/eax/repos/em/missing'\'' aclocal-1.18'
AMDEPBACKSLASH='\'
AMDEP_FALSE='#'
AMDEP_TRUE=''
AMTAR='$${TAR-tar}'
AM_BACKSLASH='\'
AM_DEFAULT_V='$(AM_DEFAULT_VERBOSITY)'
AM_DEFAULT_VERBOSITY='1'
AM_V='$(V)'
AUTOCONF='${SHELL} '\''/home/eax/repos/em/missing'\'' autoconf'
AUTOHEADER='${SHELL} '\''/home/eax/repos/em/missing'\'' autoheader'
AUTOMAKE='${SHELL} '\''/home/eax/repos/em/missing'\'' automake-1.18'
AWK='gawk'
CC='gcc'
CCDEPMODE='depmode=gcc3'
CFLAGS='-g -O2 -std=c23 -std=c23'
CPPFLAGS=''
CSCOPE='cscope'
CTAGS='ctags'
CYGPATH_W='echo'
DEFS='-DHAVE_CONFIG_H'
DEPDIR='.deps'
ECHO_C=''
ECHO_N='-n'
ECHO_T=''
ETAGS='etags'
EXEEXT=''
HAVE_LIBEDIT_FALSE='#'
HAVE_LIBEDIT_TRUE=''
INSTALL_DATA='${INSTALL} -m 644'
INSTALL_PROGRAM='${INSTALL}'
INSTALL_SCRIPT='${INSTALL}'
INSTALL_STRIP_PROGRAM='$(install_sh) -c -s'
LDFLAGS=''
LIBEDIT_LIBS='-ledit'
LIBOBJS=''
LIBS=''
LTLIBOBJS=''
MAKEINFO='${SHELL} '\''/home/eax/repos/em/missing'\'' makeinfo'
MKDIR_P='/usr/bin/mkdir -p'
OBJEXT='o'
PACKAGE='em'
PACKAGE_BUGREPORT='55966724+ealvar3z@users.noreply.github.com'
PACKAGE_NAME='em'
PACKAGE_STRING='em 1.1.0'
PACKAGE_TARNAME='em'
PACKAGE_URL=''
PACKAGE_VERSION='1.1.0'
PATH_SEPARATOR=':'
SET_MAKE=''
SHELL='/bin/sh'
STRIP=''
VERSION='1.1.0'
ac_ct_CC='gcc'
am__EXEEXT_FALSE=''
am__EXEEXT_TRUE='#'
am__fastdepCC_FALSE='#'
am__fastdepCC_TRUE=''
am__include='include'
am__isrc=''
am__leading_dot='.'
am__nodep='_no'
am__quote=''
am__rm_f_notfound=''
am__tar='tar --format=ustar -chf - "$$tardir"'
am__untar='tar -xf -'
am__xargs_n='xargs -n'
bindir='${exec_prefix}/bin'
build_alias=''
datadir='${datarootdir}'
datarootdir='${prefix}/share'
docdir='${datarootdir}/doc/${PACKAGE_TARNAME}'
dvidir='${docdir}'
exec_prefix='${prefix}'
host_alias=''
htmldir='${docdir}'
includedir='${prefix}/include'
infodir='${datarootdir}/info'
install_sh='${SHELL} /home/eax/repos/em/install-sh'
libdir='${exec_prefix}/lib'
libexecdir='${exec_prefix}/libexec'
localedir='${datarootdir}/locale'
localstatedir='${prefix}/var'
mandir='${datarootdir}/man'
mkdir_p='$(MKDIR_P)'
oldincludedir='/usr/include'
pdfdir='${docdir}'
prefix='/usr/local'
program_transform_name='s,x,x,'
psdir='${docdir}'
runstatedir='${localstatedir}/run'
sbindir='${exec_prefix}/sbin'
sharedstatedir='${prefix}/com'
sysconfdir='${prefix}/etc'
target_alias=''

## ----------- ##
## confdefs.h. ##
## ----------- ##

/* confdefs.h */
#define PACKAGE_NAME "em"
#define PACKAGE_TARNAME "em"
#define PACKAGE_VERSION "1.1.0"
#define PACKAGE_STRING "em 1.1.0"
#define PACKAGE_BUGREPORT "55966724+ealvar3z@users.noreply.github.com"
#define PACKAGE_URL ""
#define PACKAGE "em"
#define VERSION "1.1.0"
#define HAVE_STDIO_H 1
#define HAVE_STDLIB_H 1
#define HAVE_STRING_H 1
#define HAVE_INTTYPES_H 1
#define HAVE_STDINT_H 1
#define HAVE_STRINGS_H 1
#define HAVE_SYS_STAT_H 1
#define HAVE_SYS_TYPES_H 1
#define HAVE_UNISTD_H 1
#define STDC_HEADERS 1
#define HAVE_FCNTL_H 1
#define HAVE_STDLIB_H 1
#define HAVE_TERMIOS_H 1
#define HAVE_UNISTD_H 1
#define HAVE_EDITLINE_READLINE_H 1
#define HAVE_LIBEDIT 1

configure: exit 0
